<?xml version="1.0" encoding="UTF-8"?>
<!-- Generated by org.testng.reporters.JUnitXMLReporter -->
<testsuite ignored="2" hostname="DESKTOP-NAT0VEE" failures="0" tests="2" name="CartTest" time="32.754" errors="0" timestamp="2025-02-09T18:56:35 BRT">
  <testcase classname="opencart.test.cart.CartTest" name="addToCart" time="7.897"/>
  <testcase classname="opencart.test.cart.EmptyCartUnregisteredUserTest" name="emptyCartUnregisteredUserTest" time="1.976"/>
  <testcase classname="opencart.test.base.BaseTest" name="@AfterSuite flushSuite" time="0.0">
    <ignored/>
  </testcase> <!-- @AfterSuite flushSuite -->
  <testcase classname="opencart.test.base.BaseTest" name="@BeforeSuite setSuite" time="0.0">
    <ignored/>
  </testcase> <!-- @BeforeSuite setSuite -->
</testsuite> <!-- CartTest -->
