<?xml version="1.0" encoding="UTF-8"?>
<!-- Generated by org.testng.reporters.JUnitXMLReporter -->
<testsuite ignored="2" hostname="DESKTOP-NAT0VEE" failures="0" tests="2" name="CartTest" time="21.486" errors="0" timestamp="2025-02-22T15:25:43 BRT">
  <testcase classname="opencart.test.cart.TC01_CartTest" name="addToCart" time="5.834"/>
  <testcase classname="opencart.test.cart.TC11_EmptyCartUnregisteredUserTest" name="emptyCartUnregisteredUserTest" time="1.64"/>
  <testcase classname="opencart.test.base.BaseTest" name="@BeforeSuite setSuite" time="0.0">
    <ignored/>
  </testcase> <!-- @BeforeSuite setSuite -->
  <testcase classname="opencart.test.base.BaseTest" name="@AfterSuite flushSuite" time="0.0">
    <ignored/>
  </testcase> <!-- @AfterSuite flushSuite -->
</testsuite> <!-- CartTest -->
