<?xml version="1.0" encoding="UTF-8"?>
<!-- Generated by org.testng.reporters.JUnitXMLReporter -->
<testsuite ignored="4" hostname="DESKTOP-NAT0VEE" failures="0" tests="3" name="LoginTest" time="45.283" errors="0" timestamp="2025-02-14T17:00:48 BRT">
  <testcase classname="opencart.test.login.TC07_LoginTest" name="successfulLogin" time="8.387"/>
  <testcase classname="opencart.test.login.TC05_LoginEmptyFieldsTest" name="emptyFieldsLogin" time="2.238"/>
  <testcase classname="opencart.test.login.TC06_LoginInvalidEmailTest" name="invalidEmailTest" time="2.238"/>
  <testcase classname="opencart.test.base.BaseTest" name="@BeforeSuite setSuite" time="0.0">
    <ignored/>
  </testcase> <!-- @BeforeSuite setSuite -->
  <testcase classname="opencart.test.base.BaseTest" name="@BeforeSuite setSuite" time="0.0">
    <ignored/>
  </testcase> <!-- @BeforeSuite setSuite -->
  <testcase classname="opencart.test.base.BaseTest" name="@AfterSuite flushSuite" time="0.0">
    <ignored/>
  </testcase> <!-- @AfterSuite flushSuite -->
  <testcase classname="opencart.test.base.BaseTest" name="@AfterSuite flushSuite" time="0.0">
    <ignored/>
  </testcase> <!-- @AfterSuite flushSuite -->
</testsuite> <!-- LoginTest -->
