<?xml version="1.0" encoding="UTF-8"?>
<!-- Generated by org.testng.reporters.JUnitXMLReporter -->
<testsuite ignored="0" hostname="DESKTOP-NAT0VEE" failures="0" tests="3" name="LoginTest" time="47.106" errors="0" timestamp="2025-02-03T00:25:09 BRT">
  <testcase classname="opencart.test.login.LoginTest" name="successfulLogin" time="13.905"/>
  <testcase classname="opencart.test.login.LoginEmptyFieldsTest" name="emptyFieldsLogin" time="2.158"/>
  <testcase classname="opencart.test.login.LoginInvalidEmailTest" name="invalidEmailTest" time="1.928"/>
</testsuite> <!-- LoginTest -->
