<?xml version="1.0" encoding="UTF-8"?>
<!-- Generated by org.testng.reporters.JUnitXMLReporter -->
<testsuite ignored="2" hostname="DESKTOP-NAT0VEE" failures="0" tests="2" name="Register" time="28.751" errors="0" timestamp="2025-02-14T16:18:32 BRT">
  <testcase classname="opencart.test.register.TC03_RegisterTest" name="successfulRegister" time="3.98"/>
  <testcase classname="opencart.test.register.TC04_RegisterDisagreePrivacyPolicyTest" name="disagreePrivacyPolicyRegister" time="3.039"/>
  <testcase classname="opencart.test.base.BaseTest" name="@BeforeSuite setSuite" time="0.0">
    <ignored/>
  </testcase> <!-- @BeforeSuite setSuite -->
  <testcase classname="opencart.test.base.BaseTest" name="@AfterSuite flushSuite" time="0.0">
    <ignored/>
  </testcase> <!-- @AfterSuite flushSuite -->
</testsuite> <!-- Register -->
