<?xml version="1.0" encoding="UTF-8"?>
<!-- Generated by org.testng.reporters.JUnitXMLReporter -->
<testsuite ignored="0" hostname="DESKTOP-NAT0VEE" failures="0" tests="2" name="Register" time="27.047" errors="0" timestamp="2025-02-03T08:19:40 BRT">
  <testcase classname="opencart.test.register.RegisterTest" name="successfulRegister" time="5.359"/>
  <testcase classname="opencart.test.register.RegisterDisagreePrivacyPolicyTest" name="disagreePrivacyPolicyRegister" time="2.339"/>
</testsuite> <!-- Register -->
