<?xml version="1.0" encoding="UTF-8"?>
<!-- Generated by org.testng.reporters.JUnitXMLReporter -->
<testsuite ignored="2" hostname="DESKTOP-NAT0VEE" failures="0" tests="2" name="CartTest" time="29.607" errors="0" timestamp="2025-02-11T11:37:01 BRT">
  <testcase classname="opencart.test.cart.CartTest" name="addToCart" time="7.24"/>
  <testcase classname="opencart.test.cart.EmptyCartUnregisteredUserTest" name="emptyCartUnregisteredUserTest" time="1.352"/>
  <testcase classname="opencart.test.base.BaseTest" name="@BeforeSuite setSuite" time="0.0">
    <ignored/>
  </testcase> <!-- @BeforeSuite setSuite -->
  <testcase classname="opencart.test.base.BaseTest" name="@AfterSuite flushSuite" time="0.0">
    <ignored/>
  </testcase> <!-- @AfterSuite flushSuite -->
</testsuite> <!-- CartTest -->
