<?xml version="1.0" encoding="UTF-8"?>
<!-- Generated by org.testng.reporters.JUnitXMLReporter -->
<testsuite ignored="4" hostname="DESKTOP-NAT0VEE" failures="0" tests="3" name="LoginTest" time="48.77" errors="0" timestamp="2025-02-11T11:36:31 BRT">
  <testcase classname="opencart.test.login.LoginTest" name="successfulLogin" time="9.273"/>
  <testcase classname="opencart.test.login.LoginEmptyFieldsTest" name="emptyFieldsLogin" time="2.694"/>
  <testcase classname="opencart.test.login.LoginInvalidEmailTest" name="invalidEmailTest" time="2.864"/>
  <testcase classname="opencart.test.base.BaseTest" name="@BeforeSuite setSuite" time="0.0">
    <ignored/>
  </testcase> <!-- @BeforeSuite setSuite -->
  <testcase classname="opencart.test.base.BaseTest" name="@AfterSuite flushSuite" time="0.0">
    <ignored/>
  </testcase> <!-- @AfterSuite flushSuite -->
  <testcase classname="opencart.test.base.BaseTest" name="@AfterSuite flushSuite" time="0.0">
    <ignored/>
  </testcase> <!-- @AfterSuite flushSuite -->
  <testcase classname="opencart.test.base.BaseTest" name="@BeforeSuite setSuite" time="0.0">
    <ignored/>
  </testcase> <!-- @BeforeSuite setSuite -->
</testsuite> <!-- LoginTest -->
