<?xml version="1.0" encoding="UTF-8"?>
<!-- Generated by org.testng.reporters.JUnitXMLReporter -->
<testsuite ignored="0" hostname="DESKTOP-NAT0VEE" failures="0" tests="3" name="LoginTest" time="63.672" errors="0" timestamp="2025-02-02T10:49:49 BRT">
  <testcase classname="opencart.test.login.LoginTest" name="successfulLogin" time="7.878"/>
  <testcase classname="opencart.test.login.LoginEmptyFieldsTest" name="emptyFieldsLogin" time="5.064"/>
  <testcase classname="opencart.test.login.LoginInvalidEmailTest" name="invalidEmailTest" time="5.38"/>
</testsuite> <!-- LoginTest -->
