<?xml version="1.0" encoding="UTF-8"?>
<!-- Generated by org.testng.reporters.JUnitXMLReporter -->
<testsuite ignored="0" hostname="DESKTOP-NAT0VEE" failures="0" tests="2" name="Register" time="26.219" errors="0" timestamp="2025-02-02T10:50:49 BRT">
  <testcase classname="opencart.test.register.RegisterTest" name="successfulRegister" time="5.972"/>
  <testcase classname="opencart.test.register.RegisterDisagreePrivacyPolicyTest" name="disagreePrivacyPolicyRegister" time="2.632"/>
</testsuite> <!-- Register -->
