<?xml version="1.0" encoding="UTF-8"?>
<!-- Generated by org.testng.reporters.JUnitXMLReporter -->
<testsuite ignored="2" hostname="DESKTOP-NAT0VEE" failures="0" tests="2" name="Register" time="29.895" errors="0" timestamp="2025-02-11T11:39:04 BRT">
  <testcase classname="opencart.test.register.RegisterTest" name="successfulRegister" time="6.8"/>
  <testcase classname="opencart.test.register.RegisterDisagreePrivacyPolicyTest" name="disagreePrivacyPolicyRegister" time="3.29"/>
  <testcase classname="opencart.test.base.BaseTest" name="@BeforeSuite setSuite" time="0.0">
    <ignored/>
  </testcase> <!-- @BeforeSuite setSuite -->
  <testcase classname="opencart.test.base.BaseTest" name="@AfterSuite flushSuite" time="0.0">
    <ignored/>
  </testcase> <!-- @AfterSuite flushSuite -->
</testsuite> <!-- Register -->
