<?xml version="1.0" encoding="UTF-8"?>
<testng-results ignored="0" total="11" passed="11" failed="0" skipped="0">
  <reporter-output>
  </reporter-output>
  <suite started-at="2025-02-11T11:35:42 BRT" name="Suite" finished-at="2025-02-11T11:39:04 BRT" duration-ms="201655">
    <groups>
    </groups>
    <test started-at="2025-02-11T11:35:42 BRT" name="LoginTest" finished-at="2025-02-11T11:36:31 BRT" duration-ms="48770">
      <class name="opencart.test.login.LoginTest">
        <test-method is-config="true" signature="setUp()[pri:0, instance:opencart.test.login.LoginTest@5e5d171f]" started-at="2025-02-11T11:35:42 BRT" name="setUp" finished-at="2025-02-11T11:35:47 BRT" duration-ms="4245" status="PASS">
          <reporter-output>
          </reporter-output>
        </test-method> <!-- setUp -->
        <test-method is-config="true" signature="loadApplication()[pri:0, instance:opencart.test.login.LoginTest@5e5d171f]" started-at="2025-02-11T11:35:47 BRT" name="loadApplication" finished-at="2025-02-11T11:35:53 BRT" duration-ms="6797" status="PASS">
          <reporter-output>
          </reporter-output>
        </test-method> <!-- loadApplication -->
        <test-method signature="successfulLogin()[pri:0, instance:opencart.test.login.LoginTest@5e5d171f]" started-at="2025-02-11T11:35:53 BRT" name="successfulLogin" finished-at="2025-02-11T11:36:03 BRT" duration-ms="9273" status="PASS">
          <reporter-output>
          </reporter-output>
        </test-method> <!-- successfulLogin -->
        <test-method is-config="true" signature="tearDown()[pri:0, instance:opencart.test.login.LoginTest@5e5d171f]" started-at="2025-02-11T11:36:03 BRT" name="tearDown" finished-at="2025-02-11T11:36:04 BRT" duration-ms="770" status="PASS">
          <reporter-output>
          </reporter-output>
        </test-method> <!-- tearDown -->
      </class> <!-- opencart.test.login.LoginTest -->
      <class name="opencart.test.login.LoginEmptyFieldsTest">
        <test-method is-config="true" signature="setUp()[pri:0, instance:opencart.test.login.LoginEmptyFieldsTest@7bedc48a]" started-at="2025-02-11T11:36:04 BRT" name="setUp" finished-at="2025-02-11T11:36:07 BRT" duration-ms="2843" status="PASS">
          <reporter-output>
          </reporter-output>
        </test-method> <!-- setUp -->
        <test-method is-config="true" signature="loadApplication()[pri:0, instance:opencart.test.login.LoginEmptyFieldsTest@7bedc48a]" started-at="2025-02-11T11:36:07 BRT" name="loadApplication" finished-at="2025-02-11T11:36:13 BRT" duration-ms="6603" status="PASS">
          <reporter-output>
          </reporter-output>
        </test-method> <!-- loadApplication -->
        <test-method signature="emptyFieldsLogin()[pri:0, instance:opencart.test.login.LoginEmptyFieldsTest@7bedc48a]" started-at="2025-02-11T11:36:13 BRT" name="emptyFieldsLogin" finished-at="2025-02-11T11:36:16 BRT" duration-ms="2694" status="PASS">
          <reporter-output>
          </reporter-output>
        </test-method> <!-- emptyFieldsLogin -->
        <test-method is-config="true" signature="tearDown()[pri:0, instance:opencart.test.login.LoginEmptyFieldsTest@7bedc48a]" started-at="2025-02-11T11:36:16 BRT" name="tearDown" finished-at="2025-02-11T11:36:17 BRT" duration-ms="1341" status="PASS">
          <reporter-output>
          </reporter-output>
        </test-method> <!-- tearDown -->
      </class> <!-- opencart.test.login.LoginEmptyFieldsTest -->
      <class name="opencart.test.login.LoginInvalidEmailTest">
        <test-method is-config="true" signature="setUp()[pri:0, instance:opencart.test.login.LoginInvalidEmailTest@131ef10]" started-at="2025-02-11T11:36:17 BRT" name="setUp" finished-at="2025-02-11T11:36:21 BRT" duration-ms="3500" status="PASS">
          <reporter-output>
          </reporter-output>
        </test-method> <!-- setUp -->
        <test-method is-config="true" signature="loadApplication()[pri:0, instance:opencart.test.login.LoginInvalidEmailTest@131ef10]" started-at="2025-02-11T11:36:21 BRT" name="loadApplication" finished-at="2025-02-11T11:36:27 BRT" duration-ms="5782" status="PASS">
          <reporter-output>
          </reporter-output>
        </test-method> <!-- loadApplication -->
        <test-method signature="invalidEmailTest()[pri:0, instance:opencart.test.login.LoginInvalidEmailTest@131ef10]" started-at="2025-02-11T11:36:27 BRT" name="invalidEmailTest" finished-at="2025-02-11T11:36:30 BRT" duration-ms="2864" status="PASS">
          <reporter-output>
          </reporter-output>
        </test-method> <!-- invalidEmailTest -->
        <test-method is-config="true" signature="tearDown()[pri:0, instance:opencart.test.login.LoginInvalidEmailTest@131ef10]" started-at="2025-02-11T11:36:30 BRT" name="tearDown" finished-at="2025-02-11T11:36:31 BRT" duration-ms="1301" status="PASS">
          <reporter-output>
          </reporter-output>
        </test-method> <!-- tearDown -->
      </class> <!-- opencart.test.login.LoginInvalidEmailTest -->
    </test> <!-- LoginTest -->
    <test started-at="2025-02-11T11:36:31 BRT" name="CartTest" finished-at="2025-02-11T11:37:01 BRT" duration-ms="29607">
      <class name="opencart.test.cart.CartTest">
        <test-method is-config="true" signature="setUp()[pri:0, instance:opencart.test.cart.CartTest@37271612]" started-at="2025-02-11T11:36:31 BRT" name="setUp" finished-at="2025-02-11T11:36:34 BRT" duration-ms="3098" status="PASS">
          <reporter-output>
          </reporter-output>
        </test-method> <!-- setUp -->
        <test-method is-config="true" signature="loadApplication()[pri:0, instance:opencart.test.cart.CartTest@37271612]" started-at="2025-02-11T11:36:34 BRT" name="loadApplication" finished-at="2025-02-11T11:36:40 BRT" duration-ms="5934" status="PASS">
          <reporter-output>
          </reporter-output>
        </test-method> <!-- loadApplication -->
        <test-method signature="addToCart()[pri:0, instance:opencart.test.cart.CartTest@37271612]" started-at="2025-02-11T11:36:40 BRT" name="addToCart" finished-at="2025-02-11T11:36:47 BRT" duration-ms="7240" status="PASS">
          <reporter-output>
          </reporter-output>
        </test-method> <!-- addToCart -->
        <test-method is-config="true" signature="tearDown()[pri:0, instance:opencart.test.cart.CartTest@37271612]" started-at="2025-02-11T11:36:48 BRT" name="tearDown" finished-at="2025-02-11T11:36:48 BRT" duration-ms="897" status="PASS">
          <reporter-output>
          </reporter-output>
        </test-method> <!-- tearDown -->
      </class> <!-- opencart.test.cart.CartTest -->
      <class name="opencart.test.cart.EmptyCartUnregisteredUserTest">
        <test-method is-config="true" signature="setUp()[pri:0, instance:opencart.test.cart.EmptyCartUnregisteredUserTest@ed7f8b4]" started-at="2025-02-11T11:36:48 BRT" name="setUp" finished-at="2025-02-11T11:36:51 BRT" duration-ms="2827" status="PASS">
          <reporter-output>
          </reporter-output>
        </test-method> <!-- setUp -->
        <test-method is-config="true" signature="loadApplication()[pri:0, instance:opencart.test.cart.EmptyCartUnregisteredUserTest@ed7f8b4]" started-at="2025-02-11T11:36:51 BRT" name="loadApplication" finished-at="2025-02-11T11:36:58 BRT" duration-ms="6388" status="PASS">
          <reporter-output>
          </reporter-output>
        </test-method> <!-- loadApplication -->
        <test-method signature="emptyCartUnregisteredUserTest()[pri:0, instance:opencart.test.cart.EmptyCartUnregisteredUserTest@ed7f8b4]" started-at="2025-02-11T11:36:58 BRT" name="emptyCartUnregisteredUserTest" finished-at="2025-02-11T11:36:59 BRT" duration-ms="1352" status="PASS">
          <reporter-output>
          </reporter-output>
        </test-method> <!-- emptyCartUnregisteredUserTest -->
        <test-method is-config="true" signature="tearDown()[pri:0, instance:opencart.test.cart.EmptyCartUnregisteredUserTest@ed7f8b4]" started-at="2025-02-11T11:36:59 BRT" name="tearDown" finished-at="2025-02-11T11:37:01 BRT" duration-ms="1516" status="PASS">
          <reporter-output>
          </reporter-output>
        </test-method> <!-- tearDown -->
      </class> <!-- opencart.test.cart.EmptyCartUnregisteredUserTest -->
    </test> <!-- CartTest -->
    <test started-at="2025-02-11T11:37:01 BRT" name="WishlistTest" finished-at="2025-02-11T11:37:20 BRT" duration-ms="19009">
      <class name="opencart.test.wishlist.WishListTest">
        <test-method is-config="true" signature="setUp()[pri:0, instance:opencart.test.wishlist.WishListTest@6ab778a]" started-at="2025-02-11T11:37:01 BRT" name="setUp" finished-at="2025-02-11T11:37:04 BRT" duration-ms="3220" status="PASS">
          <reporter-output>
          </reporter-output>
        </test-method> <!-- setUp -->
        <test-method is-config="true" signature="loadApplication()[pri:0, instance:opencart.test.wishlist.WishListTest@6ab778a]" started-at="2025-02-11T11:37:04 BRT" name="loadApplication" finished-at="2025-02-11T11:37:11 BRT" duration-ms="6705" status="PASS">
          <reporter-output>
          </reporter-output>
        </test-method> <!-- loadApplication -->
        <test-method signature="addToWishList()[pri:0, instance:opencart.test.wishlist.WishListTest@6ab778a]" started-at="2025-02-11T11:37:11 BRT" name="addToWishList" finished-at="2025-02-11T11:37:18 BRT" duration-ms="7404" status="PASS">
          <reporter-output>
          </reporter-output>
        </test-method> <!-- addToWishList -->
        <test-method is-config="true" signature="tearDown()[pri:0, instance:opencart.test.wishlist.WishListTest@6ab778a]" started-at="2025-02-11T11:37:18 BRT" name="tearDown" finished-at="2025-02-11T11:37:20 BRT" duration-ms="1432" status="PASS">
          <reporter-output>
          </reporter-output>
        </test-method> <!-- tearDown -->
      </class> <!-- opencart.test.wishlist.WishListTest -->
    </test> <!-- WishlistTest -->
    <test started-at="2025-02-11T11:37:20 BRT" name="ContactForm" finished-at="2025-02-11T11:37:34 BRT" duration-ms="14718">
      <class name="opencart.test.contact.ContactFormTest">
        <test-method is-config="true" signature="setUp()[pri:0, instance:opencart.test.contact.ContactFormTest@58ea606c]" started-at="2025-02-11T11:37:20 BRT" name="setUp" finished-at="2025-02-11T11:37:23 BRT" duration-ms="3021" status="PASS">
          <reporter-output>
          </reporter-output>
        </test-method> <!-- setUp -->
        <test-method is-config="true" signature="loadApplication()[pri:0, instance:opencart.test.contact.ContactFormTest@58ea606c]" started-at="2025-02-11T11:37:23 BRT" name="loadApplication" finished-at="2025-02-11T11:37:29 BRT" duration-ms="6693" status="PASS">
          <reporter-output>
          </reporter-output>
        </test-method> <!-- loadApplication -->
        <test-method signature="contactFormSuccessful()[pri:0, instance:opencart.test.contact.ContactFormTest@58ea606c]" started-at="2025-02-11T11:37:29 BRT" name="contactFormSuccessful" finished-at="2025-02-11T11:37:34 BRT" duration-ms="4074" status="PASS">
          <reporter-output>
          </reporter-output>
        </test-method> <!-- contactFormSuccessful -->
        <test-method is-config="true" signature="tearDown()[pri:0, instance:opencart.test.contact.ContactFormTest@58ea606c]" started-at="2025-02-11T11:37:34 BRT" name="tearDown" finished-at="2025-02-11T11:37:34 BRT" duration-ms="770" status="PASS">
          <reporter-output>
          </reporter-output>
        </test-method> <!-- tearDown -->
      </class> <!-- opencart.test.contact.ContactFormTest -->
    </test> <!-- ContactForm -->
    <test started-at="2025-02-11T11:37:35 BRT" name="Checkout" finished-at="2025-02-11T11:38:04 BRT" duration-ms="29718">
      <class name="opencart.test.checkout.CheckoutTest">
        <test-method is-config="true" signature="setUp()[pri:0, instance:opencart.test.checkout.CheckoutTest@68e5eea7]" started-at="2025-02-11T11:37:35 BRT" name="setUp" finished-at="2025-02-11T11:37:37 BRT" duration-ms="2446" status="PASS">
          <reporter-output>
          </reporter-output>
        </test-method> <!-- setUp -->
        <test-method is-config="true" signature="loadApplication()[pri:0, instance:opencart.test.checkout.CheckoutTest@68e5eea7]" started-at="2025-02-11T11:37:37 BRT" name="loadApplication" finished-at="2025-02-11T11:37:43 BRT" duration-ms="6209" status="PASS">
          <reporter-output>
          </reporter-output>
        </test-method> <!-- loadApplication -->
        <test-method signature="addToCart()[pri:0, instance:opencart.test.checkout.CheckoutTest@68e5eea7]" started-at="2025-02-11T11:37:43 BRT" name="addToCart" finished-at="2025-02-11T11:38:03 BRT" duration-ms="19884" status="PASS">
          <reporter-output>
          </reporter-output>
        </test-method> <!-- addToCart -->
        <test-method is-config="true" signature="tearDown()[pri:0, instance:opencart.test.checkout.CheckoutTest@68e5eea7]" started-at="2025-02-11T11:38:03 BRT" name="tearDown" finished-at="2025-02-11T11:38:04 BRT" duration-ms="995" status="PASS">
          <reporter-output>
          </reporter-output>
        </test-method> <!-- tearDown -->
      </class> <!-- opencart.test.checkout.CheckoutTest -->
    </test> <!-- Checkout -->
    <test started-at="2025-02-11T11:38:04 BRT" name="Product" finished-at="2025-02-11T11:38:34 BRT" duration-ms="29814">
      <class name="opencart.test.product.AddToCartTest">
        <test-method is-config="true" signature="setUp()[pri:0, instance:opencart.test.product.AddToCartTest@424e1977]" started-at="2025-02-11T11:38:04 BRT" name="setUp" finished-at="2025-02-11T11:38:07 BRT" duration-ms="3155" status="PASS">
          <reporter-output>
          </reporter-output>
        </test-method> <!-- setUp -->
        <test-method is-config="true" signature="loadApplication()[pri:0, instance:opencart.test.product.AddToCartTest@424e1977]" started-at="2025-02-11T11:38:07 BRT" name="loadApplication" finished-at="2025-02-11T11:38:14 BRT" duration-ms="6584" status="PASS">
          <reporter-output>
          </reporter-output>
        </test-method> <!-- loadApplication -->
        <test-method signature="addProductToCartProductPageTest()[pri:0, instance:opencart.test.product.AddToCartTest@424e1977]" started-at="2025-02-11T11:38:14 BRT" name="addProductToCartProductPageTest" finished-at="2025-02-11T11:38:32 BRT" duration-ms="17594" status="PASS">
          <reporter-output>
          </reporter-output>
        </test-method> <!-- addProductToCartProductPageTest -->
        <test-method is-config="true" signature="tearDown()[pri:0, instance:opencart.test.product.AddToCartTest@424e1977]" started-at="2025-02-11T11:38:32 BRT" name="tearDown" finished-at="2025-02-11T11:38:34 BRT" duration-ms="2275" status="PASS">
          <reporter-output>
          </reporter-output>
        </test-method> <!-- tearDown -->
      </class> <!-- opencart.test.product.AddToCartTest -->
    </test> <!-- Product -->
    <test started-at="2025-02-11T11:38:34 BRT" name="Register" finished-at="2025-02-11T11:39:04 BRT" duration-ms="29895">
      <class name="opencart.test.register.RegisterDisagreePrivacyPolicyTest">
        <test-method is-config="true" signature="setUp()[pri:0, instance:opencart.test.register.RegisterDisagreePrivacyPolicyTest@15ca7889]" started-at="2025-02-11T11:38:51 BRT" name="setUp" finished-at="2025-02-11T11:38:54 BRT" duration-ms="3234" status="PASS">
          <reporter-output>
          </reporter-output>
        </test-method> <!-- setUp -->
        <test-method is-config="true" signature="loadApplication()[pri:0, instance:opencart.test.register.RegisterDisagreePrivacyPolicyTest@15ca7889]" started-at="2025-02-11T11:38:54 BRT" name="loadApplication" finished-at="2025-02-11T11:38:59 BRT" duration-ms="5040" status="PASS">
          <reporter-output>
          </reporter-output>
        </test-method> <!-- loadApplication -->
        <test-method signature="disagreePrivacyPolicyRegister()[pri:0, instance:opencart.test.register.RegisterDisagreePrivacyPolicyTest@15ca7889]" started-at="2025-02-11T11:38:59 BRT" name="disagreePrivacyPolicyRegister" finished-at="2025-02-11T11:39:03 BRT" duration-ms="3290" status="PASS">
          <reporter-output>
          </reporter-output>
        </test-method> <!-- disagreePrivacyPolicyRegister -->
        <test-method is-config="true" signature="tearDown()[pri:0, instance:opencart.test.register.RegisterDisagreePrivacyPolicyTest@15ca7889]" started-at="2025-02-11T11:39:03 BRT" name="tearDown" finished-at="2025-02-11T11:39:04 BRT" duration-ms="1065" status="PASS">
          <reporter-output>
          </reporter-output>
        </test-method> <!-- tearDown -->
      </class> <!-- opencart.test.register.RegisterDisagreePrivacyPolicyTest -->
      <class name="opencart.test.register.RegisterTest">
        <test-method is-config="true" signature="setSuite()[pri:0, instance:opencart.test.register.RegisterTest@3c0be339]" started-at="2025-02-11T11:35:42 BRT" name="setSuite" finished-at="2025-02-11T11:35:42 BRT" duration-ms="590" status="PASS">
          <reporter-output>
          </reporter-output>
        </test-method> <!-- setSuite -->
        <test-method is-config="true" signature="setUp()[pri:0, instance:opencart.test.register.RegisterTest@3c0be339]" started-at="2025-02-11T11:38:34 BRT" name="setUp" finished-at="2025-02-11T11:38:37 BRT" duration-ms="2778" status="PASS">
          <reporter-output>
          </reporter-output>
        </test-method> <!-- setUp -->
        <test-method is-config="true" signature="loadApplication()[pri:0, instance:opencart.test.register.RegisterTest@3c0be339]" started-at="2025-02-11T11:38:37 BRT" name="loadApplication" finished-at="2025-02-11T11:38:43 BRT" duration-ms="6242" status="PASS">
          <reporter-output>
          </reporter-output>
        </test-method> <!-- loadApplication -->
        <test-method signature="successfulRegister()[pri:0, instance:opencart.test.register.RegisterTest@3c0be339]" started-at="2025-02-11T11:38:43 BRT" name="successfulRegister" finished-at="2025-02-11T11:38:50 BRT" duration-ms="6800" status="PASS">
          <reporter-output>
          </reporter-output>
        </test-method> <!-- successfulRegister -->
        <test-method is-config="true" signature="tearDown()[pri:0, instance:opencart.test.register.RegisterTest@3c0be339]" started-at="2025-02-11T11:38:50 BRT" name="tearDown" finished-at="2025-02-11T11:38:51 BRT" duration-ms="1109" status="PASS">
          <reporter-output>
          </reporter-output>
        </test-method> <!-- tearDown -->
        <test-method is-config="true" signature="flushSuite()[pri:0, instance:opencart.test.register.RegisterTest@3c0be339]" started-at="2025-02-11T11:39:04 BRT" name="flushSuite" finished-at="2025-02-11T11:39:05 BRT" duration-ms="896" status="PASS">
          <reporter-output>
          </reporter-output>
        </test-method> <!-- flushSuite -->
      </class> <!-- opencart.test.register.RegisterTest -->
    </test> <!-- Register -->
  </suite> <!-- Suite -->
</testng-results>
