<?xml version="1.0" encoding="UTF-8"?>
<testsuite xmlns:xsi="http://www.w3.org/2001/XMLSchema-instance" xsi:noNamespaceSchemaLocation="https://maven.apache.org/surefire/maven-surefire-plugin/xsd/surefire-test-report.xsd" version="3.0.2" name="TestSuite" time="221.716" tests="11" errors="0" skipped="0" failures="0">
  <properties>
[...]
</properties>
  <testcase name="successfulLogin" classname="opencart.test.login.LoginTest" time="13.082">
    <system-err><![CDATA[SLF4J: Failed to load class "org.slf4j.impl.StaticLoggerBinder".
SLF4J: Defaulting to no-operation (NOP) logger implementation
SLF4J: See http://www.slf4j.org/codes.html#StaticLoggerBinder for further details.
]]></system-err>
  </testcase>
  <testcase name="emptyFieldsLogin" classname="opencart.test.login.LoginEmptyFieldsTest" time="2.53"/>
  <testcase name="invalidEmailTest" classname="opencart.test.login.LoginInvalidEmailTest" time="2.455"/>
  <testcase name="addToCart" classname="opencart.test.cart.CartTest" time="8.247"/>
  <testcase name="emptyCartUnregisteredUserTest" classname="opencart.test.cart.EmptyCartUnregisteredUserTest" time="7.544"/>
  <testcase name="addToWishList" classname="opencart.test.wishlist.WishListTest" time="6.087"/>
  <testcase name="contactFormSuccessful" classname="opencart.test.contact.ContactFormTest" time="4.358"/>
  <testcase name="addToCart" classname="opencart.test.checkout.CheckoutTest" time="20.769"/>
  <testcase name="addProductToCartProductPageTest" classname="opencart.test.product.AddToCartTest" time="14.808"/>
  <testcase name="successfulRegister" classname="opencart.test.register.RegisterTest" time="4.849"/>
  <testcase name="disagreePrivacyPolicyRegister" classname="opencart.test.register.RegisterDisagreePrivacyPolicyTest" time="3.215"/>
</testsuite>