<?xml version="1.0" encoding="UTF-8"?>
<testng-results ignored="0" total="1" passed="1" failed="0" skipped="0">
  <reporter-output>
  </reporter-output>
  <suite started-at="2025-02-05T10:59:00 BRT" name="Default suite" finished-at="2025-02-05T10:59:33 BRT" duration-ms="32845">
    <groups>
    </groups>
    <test started-at="2025-02-05T10:59:00 BRT" name="Default test" finished-at="2025-02-05T10:59:33 BRT" duration-ms="32845">
      <class name="opencart.test.checkout.CheckoutTest">
        <test-method is-config="true" signature="setUp()[pri:0, instance:opencart.test.checkout.CheckoutTest@1ff4931d]" started-at="2025-02-05T10:59:00 BRT" name="setUp" finished-at="2025-02-05T10:59:04 BRT" duration-ms="4110" status="PASS">
          <reporter-output>
          </reporter-output>
        </test-method> <!-- setUp -->
        <test-method is-config="true" signature="loadApplication()[pri:0, instance:opencart.test.checkout.CheckoutTest@1ff4931d]" started-at="2025-02-05T10:59:04 BRT" name="loadApplication" finished-at="2025-02-05T10:59:12 BRT" duration-ms="7540" status="PASS">
          <reporter-output>
          </reporter-output>
        </test-method> <!-- loadApplication -->
        <test-method signature="addToCart()[pri:0, instance:opencart.test.checkout.CheckoutTest@1ff4931d]" started-at="2025-02-05T10:59:12 BRT" name="addToCart" finished-at="2025-02-05T10:59:31 BRT" duration-ms="19930" status="PASS">
          <reporter-output>
          </reporter-output>
        </test-method> <!-- addToCart -->
        <test-method is-config="true" signature="tearDown()[pri:0, instance:opencart.test.checkout.CheckoutTest@1ff4931d]" started-at="2025-02-05T10:59:31 BRT" name="tearDown" finished-at="2025-02-05T10:59:33 BRT" duration-ms="1167" status="PASS">
          <reporter-output>
          </reporter-output>
        </test-method> <!-- tearDown -->
      </class> <!-- opencart.test.checkout.CheckoutTest -->
    </test> <!-- Default test -->
  </suite> <!-- Default suite -->
</testng-results>
